<?xml version="1.0" encoding="UTF-8"?>
<testsuite xmlns:xsi="http://www.w3.org/2001/XMLSchema-instance" xsi:noNamespaceSchemaLocation="https://maven.apache.org/surefire/maven-surefire-plugin/xsd/surefire-test-report-3.0.xsd" version="3.0" name="db.DataLoaderTest" time="1.857" tests="1" errors="0" skipped="0" failures="0">
  <properties>
[...]
</properties>
  <testcase name="testListByShow" classname="db.DataLoaderTest" time="1.802">
    <system-out><![CDATA[Cargada configuración de --> viernes, 23 de febrero de 2024, 18:33:03
Probando conexion
...&amp#8;Colecciones agregadas en test
--------------------------------
|     Conexion establecida     |
--------------------------------
listByShow
]]></system-out>
    <system-err><![CDATA[feb 24, 2024 5:53:05 P. M. org.bson.diagnostics.Loggers shouldUseSLF4J
WARNING: SLF4J not found on the classpath. Logging is disabled for the 'org.bson' component
feb 24, 2024 5:53:05 P. M. com.mongodb.internal.diagnostics.logging.Loggers shouldUseSLF4J
WARNING: SLF4J not found on the classpath.  Logging is disabled for the 'org.mongodb.driver' component
]]></system-err>
  </testcase>
</testsuite>